This file contains any messages produced by compilers while
running configure, to aid debugging if configure makes a mistake.

configure:1011: checking host system type
configure:1033: checking host-specific optimization flag
configure:1049: checking for gcc
configure:1162: checking whether the C compiler (gcc  ) works
configure:1178: gcc -o conftest    conftest.c  1>&5
configure:1175:1: warning: return type defaults to 'int' [-Wimplicit-int]
 1175 | main(){return(0);}
      | ^~~~
configure:1204: checking whether the C compiler (gcc  ) is a cross-compiler
configure:1209: checking whether we are using GNU C
configure:1237: checking whether gcc accepts -g
configure:1269: checking how to run the C preprocessor
configure:1361: checking for a BSD compatible install
configure:1416: checking for rm
configure:1451: checking for ar
configure:1486: checking for ranlib
configure:1514: checking for Cygwin environment
configure:1547: checking for mingw32 environment
configure:1578: checking for executable suffix
configure:1611: checking for ANSI C header files
configure:1716: checking for working const
configure:1792: checking return type of signal handlers
configure:1814: gcc -c -g -O2  conftest.c 1>&5
configure:1833: checking for dlopen
configure:1861: gcc -o conftest -g -O2   conftest.c  1>&5
configure:1965: checking for POSIX thread library in -lpthread
configure:1976: gcc -o conftest -g -O2   conftest.c  -lpthread 1>&5
configure: In function 'main':
configure:1972:15: warning: passing argument 1 of 'pthread_equal' makes integer from pointer without a cast [-Wint-conversion]
 1972 | pthread_equal(NULL,NULL);
      |               ^~~~
      |               |
      |               void *
In file included from /usr/include/features.h:486,
                 from /usr/include/pthread.h:21,
                 from configure:1970:
/usr/include/pthread.h:1340:1: note: expected 'pthread_t' {aka 'long unsigned int'} but argument is of type 'void *'
 1340 | __NTH (pthread_equal (pthread_t __thread1, pthread_t __thread2))
      | ^~~~~
configure:1972:20: warning: passing argument 2 of 'pthread_equal' makes integer from pointer without a cast [-Wint-conversion]
 1972 | pthread_equal(NULL,NULL);
      |                    ^~~~
      |                    |
      |                    void *
In file included from /usr/include/features.h:486,
                 from /usr/include/pthread.h:21,
                 from configure:1970:
/usr/include/pthread.h:1340:1: note: expected 'pthread_t' {aka 'long unsigned int'} but argument is of type 'void *'
 1340 | __NTH (pthread_equal (pthread_t __thread1, pthread_t __thread2))
      | ^~~~~
